<?xml version="1.0" encoding="UTF-8"?>
<!-- Generated by org.testng.reporters.JUnitXMLReporter -->
<testsuite ignored="0" hostname="SaiRani" failures="1" tests="1" name="Firefox" time="76.997" errors="0" timestamp="2022-10-07T17:30:55 IST">
  <testcase classname="Paytm.rechage.RechargeModul" name="rechageModel" time="71.891">
    <failure type="org.openqa.selenium.NoSuchElementException" message="Unable to locate element: (//div[@class=&amp;apos;_2EGQY cqA0P&amp;apos;])[1]
For documentation on this error, please visit: https://selenium.dev/exceptions/#no_such_element
Build info: version: &amp;apos;4.4.0&amp;apos;, revision: &amp;apos;e5c75ed026a&amp;apos;
System info: host: &amp;apos;SAIRANI&amp;apos;, ip: &amp;apos;192.168.1.205&amp;apos;, os.name: &amp;apos;Windows 10&amp;apos;, os.arch: &amp;apos;amd64&amp;apos;, os.version: &amp;apos;10.0&amp;apos;, java.version: &amp;apos;11.0.15.1&amp;apos;
Driver info: org.openqa.selenium.firefox.FirefoxDriver
Command: [e52f5ebc-7895-42a6-aec2-da4b3f26d491, findElement {using=xpath, value=(//div[@class=&amp;apos;_2EGQY cqA0P&amp;apos;])[1]}]
Capabilities {acceptInsecureCerts: true, browserName: firefox, browserVersion: 105.0.2, moz:accessibilityChecks: false, moz:buildID: 20221003135607, moz:debuggerAddress: 127.0.0.1:57997, moz:geckodriverVersion: 0.31.0, moz:headless: false, moz:platformVersion: 10.0, moz:processID: 8708, moz:profile: C:\Users\Admin\AppData\Loca..., moz:shutdownTimeout: 60000, moz:useNonSpecCompliantPointerOrigin: false, moz:webdriverClick: true, moz:windowless: false, pageLoadStrategy: normal, platformName: WINDOWS, proxy: Proxy(), se:cdp: ws://127.0.0.1:57997/devtoo..., se:cdpVersion: 85.0, setWindowRect: true, strictFileInteractability: false, timeouts: {implicit: 0, pageLoad: 300000, script: 30000}, unhandledPromptBehavior: dismiss and notify}
Session ID: e52f5ebc-7895-42a6-aec2-da4b3f26d491">
      <![CDATA[org.openqa.selenium.NoSuchElementException: Unable to locate element: (//div[@class='_2EGQY cqA0P'])[1]
For documentation on this error, please visit: https://selenium.dev/exceptions/#no_such_element
Build info: version: '4.4.0', revision: 'e5c75ed026a'
System info: host: 'SAIRANI', ip: '192.168.1.205', os.name: 'Windows 10', os.arch: 'amd64', os.version: '10.0', java.version: '11.0.15.1'
Driver info: org.openqa.selenium.firefox.FirefoxDriver
Command: [e52f5ebc-7895-42a6-aec2-da4b3f26d491, findElement {using=xpath, value=(//div[@class='_2EGQY cqA0P'])[1]}]
Capabilities {acceptInsecureCerts: true, browserName: firefox, browserVersion: 105.0.2, moz:accessibilityChecks: false, moz:buildID: 20221003135607, moz:debuggerAddress: 127.0.0.1:57997, moz:geckodriverVersion: 0.31.0, moz:headless: false, moz:platformVersion: 10.0, moz:processID: 8708, moz:profile: C:\Users\Admin\AppData\Loca..., moz:shutdownTimeout: 60000, moz:useNonSpecCompliantPointerOrigin: false, moz:webdriverClick: true, moz:windowless: false, pageLoadStrategy: normal, platformName: WINDOWS, proxy: Proxy(), se:cdp: ws://127.0.0.1:57997/devtoo..., se:cdpVersion: 85.0, setWindowRect: true, strictFileInteractability: false, timeouts: {implicit: 0, pageLoad: 300000, script: 30000}, unhandledPromptBehavior: dismiss and notify}
Session ID: e52f5ebc-7895-42a6-aec2-da4b3f26d491
at org.openqa.selenium.remote.codec.w3c.W3CHttpResponseCodec.createException(W3CHttpResponseCodec.java:200)
at org.openqa.selenium.remote.codec.w3c.W3CHttpResponseCodec.decode(W3CHttpResponseCodec.java:133)
at org.openqa.selenium.remote.codec.w3c.W3CHttpResponseCodec.decode(W3CHttpResponseCodec.java:53)
at org.openqa.selenium.remote.HttpCommandExecutor.execute(HttpCommandExecutor.java:184)
at org.openqa.selenium.remote.service.DriverCommandExecutor.invokeExecute(DriverCommandExecutor.java:167)
at org.openqa.selenium.remote.service.DriverCommandExecutor.execute(DriverCommandExecutor.java:142)
at org.openqa.selenium.remote.RemoteWebDriver.execute(RemoteWebDriver.java:547)
at org.openqa.selenium.remote.ElementLocation$ElementFinder$2.findElement(ElementLocation.java:162)
at org.openqa.selenium.remote.ElementLocation.findElement(ElementLocation.java:60)
at org.openqa.selenium.remote.RemoteWebDriver.findElement(RemoteWebDriver.java:365)
at org.openqa.selenium.remote.RemoteWebDriver.findElement(RemoteWebDriver.java:357)
at org.openqa.selenium.support.pagefactory.DefaultElementLocator.findElement(DefaultElementLocator.java:70)
at org.openqa.selenium.support.pagefactory.internal.LocatingElementHandler.invoke(LocatingElementHandler.java:39)
at com.sun.proxy.$Proxy16.click(Unknown Source)
at InternalMockGroup.PaytmRechage.RechargeTest.rechargePrepaidMobile(RechargeTest.java:49)
at Paytm.rechage.RechargeModul.rechageModel(RechargeModul.java:23)
at java.base/java.util.ArrayList.forEach(ArrayList.java:1541)
... Removed 31 stack frames]]>
    </failure>
  </testcase> <!-- rechageModel -->
</testsuite> <!-- Firefox -->
